<?xml version="1.0" encoding="UTF-8"?>
<testng-results ignored="3" total="12" passed="9" failed="0" skipped="0">
  <reporter-output>
  </reporter-output>
  <suite started-at="2025-09-23T15:27:34 EET" name="Default suite" finished-at="2025-09-23T15:28:15 EET" duration-ms="40547">
    <groups>
    </groups>
    <test started-at="2025-09-23T15:27:34 EET" name="Default test" finished-at="2025-09-23T15:28:15 EET" duration-ms="40547">
      <class name="MyTestCases">
        <test-method is-config="true" signature="myBeforeTest()[pri:0, instance:MyTestCases@5a85c92]" started-at="2025-09-23T15:27:34 EET" name="myBeforeTest" finished-at="2025-09-23T15:27:37 EET" duration-ms="2764" status="PASS">
          <reporter-output>
          </reporter-output>
        </test-method> <!-- myBeforeTest -->
        <test-method signature="AddNewRecord()[pri:1, instance:MyTestCases@5a85c92]" started-at="2025-09-23T15:27:37 EET" name="AddNewRecord" finished-at="2025-09-23T15:27:37 EET" duration-ms="34" status="PASS">
          <reporter-output>
          </reporter-output>
        </test-method> <!-- AddNewRecord -->
        <test-method signature="updateData()[pri:2, instance:MyTestCases@5a85c92]" started-at="2025-09-23T15:27:37 EET" name="updateData" finished-at="2025-09-23T15:27:37 EET" duration-ms="5" status="PASS">
          <reporter-output>
          </reporter-output>
        </test-method> <!-- updateData -->
        <test-method signature="ReadData()[pri:3, instance:MyTestCases@5a85c92]" started-at="2025-09-23T15:27:37 EET" name="ReadData" finished-at="2025-09-23T15:27:37 EET" duration-ms="49" status="PASS">
          <reporter-output>
          </reporter-output>
        </test-method> <!-- ReadData -->
        <test-method signature="deleteData()[pri:4, instance:MyTestCases@5a85c92]" started-at="2025-09-23T15:27:37 EET" name="deleteData" finished-at="2025-09-23T15:27:37 EET" duration-ms="6" status="PASS">
          <reporter-output>
          </reporter-output>
        </test-method> <!-- deleteData -->
        <test-method signature="AddItemToTheCart()[pri:8, instance:MyTestCases@5a85c92]" started-at="2025-09-23T15:27:37 EET" name="AddItemToTheCart" finished-at="2025-09-23T15:27:47 EET" duration-ms="9739" status="PASS">
          <reporter-output>
          </reporter-output>
        </test-method> <!-- AddItemToTheCart -->
        <test-method signature="AddItemToTheCart()[pri:8, instance:MyTestCases@5a85c92]" started-at="2025-09-23T15:27:47 EET" name="AddItemToTheCart" finished-at="2025-09-23T15:27:56 EET" duration-ms="9258" status="PASS">
          <reporter-output>
          </reporter-output>
        </test-method> <!-- AddItemToTheCart -->
        <test-method signature="AddItemToTheCart()[pri:8, instance:MyTestCases@5a85c92]" started-at="2025-09-23T15:27:56 EET" name="AddItemToTheCart" finished-at="2025-09-23T15:28:07 EET" duration-ms="10435" status="PASS">
          <reporter-output>
          </reporter-output>
        </test-method> <!-- AddItemToTheCart -->
        <test-method signature="AddItemToTheCart()[pri:8, instance:MyTestCases@5a85c92]" started-at="2025-09-23T15:28:07 EET" name="AddItemToTheCart" finished-at="2025-09-23T15:28:11 EET" duration-ms="4127" status="PASS">
          <reporter-output>
          </reporter-output>
        </test-method> <!-- AddItemToTheCart -->
        <test-method signature="AddItemToTheCart()[pri:8, instance:MyTestCases@5a85c92]" started-at="2025-09-23T15:28:11 EET" name="AddItemToTheCart" finished-at="2025-09-23T15:28:15 EET" duration-ms="4058" status="PASS">
          <reporter-output>
          </reporter-output>
        </test-method> <!-- AddItemToTheCart -->
      </class> <!-- MyTestCases -->
    </test> <!-- Default test -->
  </suite> <!-- Default suite -->
</testng-results>
